mode: set
github.com/pingcap/tidbrocks/db.go:25.64,26.17 1 1
github.com/pingcap/tidbrocks/db.go:31.2,31.48 1 1
github.com/pingcap/tidbrocks/db.go:35.2,85.67 42 1
github.com/pingcap/tidbrocks/db.go:88.2,88.12 1 1
github.com/pingcap/tidbrocks/db.go:26.17,28.3 1 1
github.com/pingcap/tidbrocks/db.go:31.48,33.3 1 0
github.com/pingcap/tidbrocks/db.go:85.67,87.3 1 0
github.com/pingcap/tidbrocks/db.go:91.34,102.2 8 1
github.com/pingcap/tidbrocks/db.go:104.59,116.2 5 1
github.com/pingcap/tidbrocks/db.go:118.44,120.2 1 1
github.com/pingcap/tidbrocks/db.go:122.52,125.2 2 1
github.com/pingcap/tidbrocks/db.go:127.50,129.9 2 1
github.com/pingcap/tidbrocks/db.go:133.2,135.52 2 1
github.com/pingcap/tidbrocks/db.go:129.9,131.3 1 0
github.com/pingcap/tidbrocks/driver.go:11.61,15.2 3 1
github.com/pingcap/tidbrocks/driver.go:17.13,19.2 1 1
github.com/pingcap/tidbrocks/iterator.go:11.31,13.2 1 1
github.com/pingcap/tidbrocks/iterator.go:15.34,17.2 1 1
github.com/pingcap/tidbrocks/iterator.go:19.33,20.20 1 1
github.com/pingcap/tidbrocks/iterator.go:26.2,27.19 2 1
github.com/pingcap/tidbrocks/iterator.go:20.20,24.3 3 1
github.com/pingcap/tidbrocks/iterator.go:30.34,32.2 1 1
github.com/pingcap/tidbrocks/iterator.go:34.36,36.2 1 0
github.com/pingcap/tidbrocks/snapshot.go:16.31,19.2 2 1
github.com/pingcap/tidbrocks/snapshot.go:21.66,28.2 2 1
github.com/pingcap/tidbrocks/snapshot.go:30.53,33.2 2 1
github.com/pingcap/tidbrocks/config.go:42.33,74.2 1 1
